INFO    : Since no target was supplied, we will use "web".

INFO    : Building target web
INFO    : XSL conversion of C:\Users\MANK\Documents\GitHub\Democray_New\source\main.ptx by C:\Users\MANK\.ptx\2.19.3\core\xsl\utilities\pretext-enhanced-source.xsl
INFO    : successful application of C:\Users\MANK\.ptx\2.19.3\core\xsl\utilities\pretext-enhanced-source.xsl
INFO    : Generating any needed assets.
INFO    : XSL conversion of C:\Users\MANK\Documents\GitHub\Democray_New\source\main.ptx by C:\Users\MANK\.ptx\2.19.3\core\xsl\utilities\pretext-enhanced-source.xsl
INFO    : successful application of C:\Users\MANK\.ptx\2.19.3\core\xsl\utilities\pretext-enhanced-source.xsl
INFO    : XSL conversion of C:\Users\MANK\Documents\GitHub\Democray_New\source\main.ptx by C:\Users\MANK\.ptx\2.19.3\core\xsl\utilities\pretext-enhanced-source.xsl
INFO    : successful application of C:\Users\MANK\.ptx\2.19.3\core\xsl\utilities\pretext-enhanced-source.xsl
INFO    : XSL conversion of C:\Users\MANK\Documents\GitHub\Democray_New\source\main.ptx by C:\Users\MANK\.ptx\2.19.3\core\xsl\utilities\pretext-enhanced-source.xsl
INFO    : successful application of C:\Users\MANK\.ptx\2.19.3\core\xsl\utilities\pretext-enhanced-source.xsl
INFO    : XSL conversion of C:\Users\MANK\Documents\GitHub\Democray_New\source\main.ptx by C:\Users\MANK\.ptx\2.19.3\core\xsl\utilities\pretext-enhanced-source.xsl
INFO    : successful application of C:\Users\MANK\.ptx\2.19.3\core\xsl\utilities\pretext-enhanced-source.xsl
INFO    : XSL conversion of C:\Users\MANK\Documents\GitHub\Democray_New\source\main.ptx by C:\Users\MANK\.ptx\2.19.3\core\xsl\utilities\pretext-enhanced-source.xsl
INFO    : successful application of C:\Users\MANK\.ptx\2.19.3\core\xsl\utilities\pretext-enhanced-source.xsl
INFO    : XSL conversion of C:\Users\MANK\Documents\GitHub\Democray_New\source\main.ptx by C:\Users\MANK\.ptx\2.19.3\core\xsl\utilities\pretext-enhanced-source.xsl
INFO    : successful application of C:\Users\MANK\.ptx\2.19.3\core\xsl\utilities\pretext-enhanced-source.xsl
INFO    : XSL conversion of C:\Users\MANK\Documents\GitHub\Democray_New\source\main.ptx by C:\Users\MANK\.ptx\2.19.3\core\xsl\utilities\pretext-enhanced-source.xsl
INFO    : successful application of C:\Users\MANK\.ptx\2.19.3\core\xsl\utilities\pretext-enhanced-source.xsl
INFO    : XSL conversion of C:\Users\MANK\Documents\GitHub\Democray_New\source\main.ptx by C:\Users\MANK\.ptx\2.19.3\core\xsl\utilities\pretext-enhanced-source.xsl
INFO    : successful application of C:\Users\MANK\.ptx\2.19.3\core\xsl\utilities\pretext-enhanced-source.xsl
INFO    : XSL conversion of C:\Users\MANK\Documents\GitHub\Democray_New\source\main.ptx by C:\Users\MANK\.ptx\2.19.3\core\xsl\utilities\pretext-enhanced-source.xsl
INFO    : successful application of C:\Users\MANK\.ptx\2.19.3\core\xsl\utilities\pretext-enhanced-source.xsl
INFO    : XSL conversion of C:\Users\MANK\Documents\GitHub\Democray_New\source\main.ptx by C:\Users\MANK\.ptx\2.19.3\core\xsl\utilities\pretext-enhanced-source.xsl
INFO    : successful application of C:\Users\MANK\.ptx\2.19.3\core\xsl\utilities\pretext-enhanced-source.xsl
INFO    : XSL conversion of C:\Users\MANK\Documents\GitHub\Democray_New\source\main.ptx by C:\Users\MANK\.ptx\2.19.3\core\xsl\utilities\pretext-enhanced-source.xsl
INFO    : successful application of C:\Users\MANK\.ptx\2.19.3\core\xsl\utilities\pretext-enhanced-source.xsl
INFO    : XSL conversion of C:\Users\MANK\Documents\GitHub\Democray_New\source\main.ptx by C:\Users\MANK\.ptx\2.19.3\core\xsl\utilities\pretext-enhanced-source.xsl
INFO    : successful application of C:\Users\MANK\.ptx\2.19.3\core\xsl\utilities\pretext-enhanced-source.xsl
INFO    : XSL conversion of C:\Users\MANK\Documents\GitHub\Democray_New\source\main.ptx by C:\Users\MANK\.ptx\2.19.3\core\xsl\utilities\pretext-enhanced-source.xsl
INFO    : successful application of C:\Users\MANK\.ptx\2.19.3\core\xsl\utilities\pretext-enhanced-source.xsl
INFO    : XSL conversion of C:\Users\MANK\Documents\GitHub\Democray_New\source\main.ptx by C:\Users\MANK\.ptx\2.19.3\core\xsl\utilities\pretext-enhanced-source.xsl
INFO    : successful application of C:\Users\MANK\.ptx\2.19.3\core\xsl\utilities\pretext-enhanced-source.xsl
INFO    : Finished generating assets.

INFO    : Preparing to build into C:\Users\MANK\Documents\GitHub\Democray_New\output\web.
INFO    : discovering source file's directory name: C:\Users\MANK\Documents\GitHub\Democray_New\source
INFO    : verifying and expanding input directory: C:\Users\MANK\Documents\GitHub\Democray_New\source\../generated-assets
INFO    : input directory expanded to absolute path: C:\Users\MANK\Documents\GitHub\Democray_New\generated-assets
INFO    : verifying and expanding input directory: C:\Users\MANK\Documents\GitHub\Democray_New\source\../assets
INFO    : input directory expanded to absolute path: C:\Users\MANK\Documents\GitHub\Democray_New\assets
INFO    : XSL conversion of C:\Users\MANK\Documents\GitHub\Democray_New\source\main.ptx by C:\Users\MANK\.ptx\2.19.3\core\xsl\utilities\report-publisher-variables.xsl
INFO    : successful application of C:\Users\MANK\.ptx\2.19.3\core\xsl\utilities\report-publisher-variables.xsl
INFO    : Downloading rs services file from https://runestone.academy/cdn/runestone/latest/webpack_static_imports.xml.
INFO    : Runestone Services via online CDN query: version 7.9.2
INFO    : Downloading Runestone Services, version 7.9.2
INFO    : Extracting Runestone Services from archive file
INFO    : Building custom css theme: theme-default-modern
ERROR   : Node.js is required to build themes other than default-modern. Make sure it is installed and in your PATH. Then do 'npm install' in the pretext/script/cssbuilder directory. https://pretextbook.org/doc/guide/html/node-and-npm.html
CRITICAL: Command '['node', 'C:\\Users\\MANK\\.ptx\\2.19.3\\core\\script\\cssbuilder\\cssbuilder.mjs', '-t', 'theme-default-modern', '-o', 'C:\\Users\\MANK\\AppData\\Local\\Temp\\ptx-7eenhqfj\\_static\\pretext\\css', '-c', '{"options": {}, "contrast-checks": {"primary-color": "#fff", "secondary-color": "#fff", "primary-color-dark": "#23241f"}}']' timed out after 60 seconds
INFO    : ------------------------
CRITICAL: Failed to build.  Exiting...
INFO    : 
----------------------------------------------------
INFO    : While running pretext, the following errors occurred:

INFO    : (see log messages above or in the 'logs' folder for more information)
INFO    : ----------------------------------------------------
