INFO    : Building target web
INFO    : XSL conversion of /home/innodems-dan/Documents/cbc-textbooks/Demo_New/Democray_New/source/main.ptx by /home/innodems-dan/.ptx/2.19.3/core/xsl/utilities/pretext-enhanced-source.xsl
INFO    : successful application of /home/innodems-dan/.ptx/2.19.3/core/xsl/utilities/pretext-enhanced-source.xsl
INFO    : Generating any needed assets.
INFO    : XSL conversion of /home/innodems-dan/Documents/cbc-textbooks/Demo_New/Democray_New/source/main.ptx by /home/innodems-dan/.ptx/2.19.3/core/xsl/utilities/pretext-enhanced-source.xsl
INFO    : successful application of /home/innodems-dan/.ptx/2.19.3/core/xsl/utilities/pretext-enhanced-source.xsl
INFO    : XSL conversion of /home/innodems-dan/Documents/cbc-textbooks/Demo_New/Democray_New/source/main.ptx by /home/innodems-dan/.ptx/2.19.3/core/xsl/utilities/pretext-enhanced-source.xsl
INFO    : successful application of /home/innodems-dan/.ptx/2.19.3/core/xsl/utilities/pretext-enhanced-source.xsl
INFO    : XSL conversion of /home/innodems-dan/Documents/cbc-textbooks/Demo_New/Democray_New/source/main.ptx by /home/innodems-dan/.ptx/2.19.3/core/xsl/utilities/pretext-enhanced-source.xsl
INFO    : successful application of /home/innodems-dan/.ptx/2.19.3/core/xsl/utilities/pretext-enhanced-source.xsl
INFO    : XSL conversion of /home/innodems-dan/Documents/cbc-textbooks/Demo_New/Democray_New/source/main.ptx by /home/innodems-dan/.ptx/2.19.3/core/xsl/utilities/pretext-enhanced-source.xsl
INFO    : successful application of /home/innodems-dan/.ptx/2.19.3/core/xsl/utilities/pretext-enhanced-source.xsl
INFO    : XSL conversion of /home/innodems-dan/Documents/cbc-textbooks/Demo_New/Democray_New/source/main.ptx by /home/innodems-dan/.ptx/2.19.3/core/xsl/utilities/pretext-enhanced-source.xsl
INFO    : successful application of /home/innodems-dan/.ptx/2.19.3/core/xsl/utilities/pretext-enhanced-source.xsl
INFO    : XSL conversion of /home/innodems-dan/Documents/cbc-textbooks/Demo_New/Democray_New/source/main.ptx by /home/innodems-dan/.ptx/2.19.3/core/xsl/utilities/pretext-enhanced-source.xsl
INFO    : successful application of /home/innodems-dan/.ptx/2.19.3/core/xsl/utilities/pretext-enhanced-source.xsl
INFO    : XSL conversion of /home/innodems-dan/Documents/cbc-textbooks/Demo_New/Democray_New/source/main.ptx by /home/innodems-dan/.ptx/2.19.3/core/xsl/utilities/pretext-enhanced-source.xsl
INFO    : successful application of /home/innodems-dan/.ptx/2.19.3/core/xsl/utilities/pretext-enhanced-source.xsl
INFO    : XSL conversion of /home/innodems-dan/Documents/cbc-textbooks/Demo_New/Democray_New/source/main.ptx by /home/innodems-dan/.ptx/2.19.3/core/xsl/utilities/pretext-enhanced-source.xsl
INFO    : successful application of /home/innodems-dan/.ptx/2.19.3/core/xsl/utilities/pretext-enhanced-source.xsl
INFO    : XSL conversion of /home/innodems-dan/Documents/cbc-textbooks/Demo_New/Democray_New/source/main.ptx by /home/innodems-dan/.ptx/2.19.3/core/xsl/utilities/pretext-enhanced-source.xsl
INFO    : successful application of /home/innodems-dan/.ptx/2.19.3/core/xsl/utilities/pretext-enhanced-source.xsl
INFO    : XSL conversion of /home/innodems-dan/Documents/cbc-textbooks/Demo_New/Democray_New/source/main.ptx by /home/innodems-dan/.ptx/2.19.3/core/xsl/utilities/pretext-enhanced-source.xsl
INFO    : successful application of /home/innodems-dan/.ptx/2.19.3/core/xsl/utilities/pretext-enhanced-source.xsl
INFO    : XSL conversion of /home/innodems-dan/Documents/cbc-textbooks/Demo_New/Democray_New/source/main.ptx by /home/innodems-dan/.ptx/2.19.3/core/xsl/utilities/pretext-enhanced-source.xsl
INFO    : successful application of /home/innodems-dan/.ptx/2.19.3/core/xsl/utilities/pretext-enhanced-source.xsl
INFO    : XSL conversion of /home/innodems-dan/Documents/cbc-textbooks/Demo_New/Democray_New/source/main.ptx by /home/innodems-dan/.ptx/2.19.3/core/xsl/utilities/pretext-enhanced-source.xsl
INFO    : successful application of /home/innodems-dan/.ptx/2.19.3/core/xsl/utilities/pretext-enhanced-source.xsl
INFO    : XSL conversion of /home/innodems-dan/Documents/cbc-textbooks/Demo_New/Democray_New/source/main.ptx by /home/innodems-dan/.ptx/2.19.3/core/xsl/utilities/pretext-enhanced-source.xsl
INFO    : successful application of /home/innodems-dan/.ptx/2.19.3/core/xsl/utilities/pretext-enhanced-source.xsl
INFO    : XSL conversion of /home/innodems-dan/Documents/cbc-textbooks/Demo_New/Democray_New/source/main.ptx by /home/innodems-dan/.ptx/2.19.3/core/xsl/utilities/pretext-enhanced-source.xsl
INFO    : successful application of /home/innodems-dan/.ptx/2.19.3/core/xsl/utilities/pretext-enhanced-source.xsl
INFO    : Finished generating assets.

INFO    : Preparing to build into /home/innodems-dan/Documents/cbc-textbooks/Demo_New/Democray_New/output/web.
INFO    : discovering source file's directory name: /home/innodems-dan/Documents/cbc-textbooks/Demo_New/Democray_New/source
INFO    : verifying and expanding input directory: /home/innodems-dan/Documents/cbc-textbooks/Demo_New/Democray_New/source/../generated-assets
INFO    : input directory expanded to absolute path: /home/innodems-dan/Documents/cbc-textbooks/Demo_New/Democray_New/generated-assets
INFO    : verifying and expanding input directory: /home/innodems-dan/Documents/cbc-textbooks/Demo_New/Democray_New/source/../assets
INFO    : input directory expanded to absolute path: /home/innodems-dan/Documents/cbc-textbooks/Demo_New/Democray_New/assets
INFO    : XSL conversion of /home/innodems-dan/Documents/cbc-textbooks/Demo_New/Democray_New/source/main.ptx by /home/innodems-dan/.ptx/2.19.3/core/xsl/utilities/report-publisher-variables.xsl
INFO    : successful application of /home/innodems-dan/.ptx/2.19.3/core/xsl/utilities/report-publisher-variables.xsl
INFO    : Downloading rs services file from https://runestone.academy/cdn/runestone/latest/webpack_static_imports.xml.
INFO    : Runestone Services via online CDN query: version 7.9.1
INFO    : Downloading Runestone Services, version 7.9.1
INFO    : Extracting Runestone Services from archive file
INFO    : Building custom css theme: theme-default-modern
INFO    : converting /home/innodems-dan/Documents/cbc-textbooks/Demo_New/Democray_New/source/main.ptx to HTML in /tmp/ptx-2i8f4pu4
INFO    : XSL conversion of /home/innodems-dan/Documents/cbc-textbooks/Demo_New/Democray_New/source/main.ptx by /home/innodems-dan/.ptx/2.19.3/core/xsl/pretext-html.xsl
INFO    : messages from the log for XSL processing:
INFO    : * PTX:INFO:   checking ONLY the last TWO YEARS of element deprecations.
Rerun with the string parameter "author.deprecations.all" set to "yes" to check your source against all deprecations.
INFO    : successful application of /home/innodems-dan/.ptx/2.19.3/core/xsl/pretext-html.xsl
INFO    : Removing temporary directory /tmp/ptx-2i8f4pu4
INFO    : Removing temporary directory /tmp/ptx-8jlyrw74
INFO    : 
Success! Run `pretext view web` to see the results.

INFO    : 
