INFO    : Building target web
INFO    : XSL conversion of C:\Users\MANK\Documents\GitHub\Democray_New\source\main.ptx by C:\Users\MANK\.ptx\2.19.3\core\xsl\utilities\pretext-enhanced-source.xsl
INFO    : successful application of C:\Users\MANK\.ptx\2.19.3\core\xsl\utilities\pretext-enhanced-source.xsl
INFO    : Generating any needed assets.
INFO    : XSL conversion of C:\Users\MANK\Documents\GitHub\Democray_New\source\main.ptx by C:\Users\MANK\.ptx\2.19.3\core\xsl\utilities\pretext-enhanced-source.xsl
INFO    : successful application of C:\Users\MANK\.ptx\2.19.3\core\xsl\utilities\pretext-enhanced-source.xsl
INFO    : XSL conversion of C:\Users\MANK\Documents\GitHub\Democray_New\source\main.ptx by C:\Users\MANK\.ptx\2.19.3\core\xsl\utilities\pretext-enhanced-source.xsl
INFO    : successful application of C:\Users\MANK\.ptx\2.19.3\core\xsl\utilities\pretext-enhanced-source.xsl
INFO    : XSL conversion of C:\Users\MANK\Documents\GitHub\Democray_New\source\main.ptx by C:\Users\MANK\.ptx\2.19.3\core\xsl\utilities\pretext-enhanced-source.xsl
INFO    : successful application of C:\Users\MANK\.ptx\2.19.3\core\xsl\utilities\pretext-enhanced-source.xsl
INFO    : XSL conversion of C:\Users\MANK\Documents\GitHub\Democray_New\source\main.ptx by C:\Users\MANK\.ptx\2.19.3\core\xsl\utilities\pretext-enhanced-source.xsl
INFO    : successful application of C:\Users\MANK\.ptx\2.19.3\core\xsl\utilities\pretext-enhanced-source.xsl
INFO    : XSL conversion of C:\Users\MANK\Documents\GitHub\Democray_New\source\main.ptx by C:\Users\MANK\.ptx\2.19.3\core\xsl\utilities\pretext-enhanced-source.xsl
INFO    : successful application of C:\Users\MANK\.ptx\2.19.3\core\xsl\utilities\pretext-enhanced-source.xsl
INFO    : XSL conversion of C:\Users\MANK\Documents\GitHub\Democray_New\source\main.ptx by C:\Users\MANK\.ptx\2.19.3\core\xsl\utilities\pretext-enhanced-source.xsl
INFO    : successful application of C:\Users\MANK\.ptx\2.19.3\core\xsl\utilities\pretext-enhanced-source.xsl
INFO    : XSL conversion of C:\Users\MANK\Documents\GitHub\Democray_New\source\main.ptx by C:\Users\MANK\.ptx\2.19.3\core\xsl\utilities\pretext-enhanced-source.xsl
INFO    : successful application of C:\Users\MANK\.ptx\2.19.3\core\xsl\utilities\pretext-enhanced-source.xsl
INFO    : XSL conversion of C:\Users\MANK\Documents\GitHub\Democray_New\source\main.ptx by C:\Users\MANK\.ptx\2.19.3\core\xsl\utilities\pretext-enhanced-source.xsl
INFO    : successful application of C:\Users\MANK\.ptx\2.19.3\core\xsl\utilities\pretext-enhanced-source.xsl
INFO    : XSL conversion of C:\Users\MANK\Documents\GitHub\Democray_New\source\main.ptx by C:\Users\MANK\.ptx\2.19.3\core\xsl\utilities\pretext-enhanced-source.xsl
INFO    : successful application of C:\Users\MANK\.ptx\2.19.3\core\xsl\utilities\pretext-enhanced-source.xsl
INFO    : XSL conversion of C:\Users\MANK\Documents\GitHub\Democray_New\source\main.ptx by C:\Users\MANK\.ptx\2.19.3\core\xsl\utilities\pretext-enhanced-source.xsl
INFO    : successful application of C:\Users\MANK\.ptx\2.19.3\core\xsl\utilities\pretext-enhanced-source.xsl
INFO    : XSL conversion of C:\Users\MANK\Documents\GitHub\Democray_New\source\main.ptx by C:\Users\MANK\.ptx\2.19.3\core\xsl\utilities\pretext-enhanced-source.xsl
INFO    : successful application of C:\Users\MANK\.ptx\2.19.3\core\xsl\utilities\pretext-enhanced-source.xsl
INFO    : XSL conversion of C:\Users\MANK\Documents\GitHub\Democray_New\source\main.ptx by C:\Users\MANK\.ptx\2.19.3\core\xsl\utilities\pretext-enhanced-source.xsl
INFO    : successful application of C:\Users\MANK\.ptx\2.19.3\core\xsl\utilities\pretext-enhanced-source.xsl
INFO    : XSL conversion of C:\Users\MANK\Documents\GitHub\Democray_New\source\main.ptx by C:\Users\MANK\.ptx\2.19.3\core\xsl\utilities\pretext-enhanced-source.xsl
INFO    : successful application of C:\Users\MANK\.ptx\2.19.3\core\xsl\utilities\pretext-enhanced-source.xsl
INFO    : XSL conversion of C:\Users\MANK\Documents\GitHub\Democray_New\source\main.ptx by C:\Users\MANK\.ptx\2.19.3\core\xsl\utilities\pretext-enhanced-source.xsl
INFO    : successful application of C:\Users\MANK\.ptx\2.19.3\core\xsl\utilities\pretext-enhanced-source.xsl
INFO    : Finished generating assets.

INFO    : Preparing to build into C:\Users\MANK\Documents\GitHub\Democray_New\output\web.
INFO    : discovering source file's directory name: C:\Users\MANK\Documents\GitHub\Democray_New\source
INFO    : verifying and expanding input directory: C:\Users\MANK\Documents\GitHub\Democray_New\source\../generated-assets
INFO    : input directory expanded to absolute path: C:\Users\MANK\Documents\GitHub\Democray_New\generated-assets
INFO    : verifying and expanding input directory: C:\Users\MANK\Documents\GitHub\Democray_New\source\../assets
INFO    : input directory expanded to absolute path: C:\Users\MANK\Documents\GitHub\Democray_New\assets
INFO    : XSL conversion of C:\Users\MANK\Documents\GitHub\Democray_New\source\main.ptx by C:\Users\MANK\.ptx\2.19.3\core\xsl\utilities\report-publisher-variables.xsl
INFO    : successful application of C:\Users\MANK\.ptx\2.19.3\core\xsl\utilities\report-publisher-variables.xsl
INFO    : Downloading rs services file from https://runestone.academy/cdn/runestone/latest/webpack_static_imports.xml.
INFO    : Runestone Services via online CDN query: version 7.9.2
INFO    : Downloading Runestone Services, version 7.9.2
INFO    : Extracting Runestone Services from archive file
INFO    : Building custom css theme: theme-default-modern
INFO    : converting C:\Users\MANK\Documents\GitHub\Democray_New\source\main.ptx to HTML in C:\Users\MANK\AppData\Local\Temp\ptx-bm_2fo3l
INFO    : XSL conversion of C:\Users\MANK\Documents\GitHub\Democray_New\source\main.ptx by C:\Users\MANK\.ptx\2.19.3\core\xsl\pretext-html.xsl
INFO    : messages from the log for XSL processing:
INFO    : * PTX:INFO:   checking ONLY the last TWO YEARS of element deprecations.
Rerun with the string parameter "author.deprecations.all" set to "yes" to check your source against all deprecations.
INFO    : successful application of C:\Users\MANK\.ptx\2.19.3\core\xsl\pretext-html.xsl
INFO    : Removing temporary directory C:\Users\MANK\AppData\Local\Temp\ptx-bm_2fo3l
INFO    : Removing temporary directory C:\Users\MANK\AppData\Local\Temp\ptx-ml0b6805
INFO    : 
Success! Run `pretext view web` to see the results.

INFO    : 
